<?xml version="1.0" encoding="UTF-8"?>
<testsuite name="Computer Test"
           tests="3"
           failures="0"
           errors="0"
           skipped="0"
           time="3.990">
  <properties />
  
  
            <testcase name="verifyThatUserShouldBuildYouOwnComputerAndAddThemToCartSuccessfully" time="2.380" classname="com.nopcommerce.testsuite.ComputerPageTest" />
                <testcase name="verifyUserShouldNavigateToComputerPageSuccessfully" time="0.681" classname="com.nopcommerce.testsuite.ComputerPageTest" />
                <testcase name="verifyUserShouldNavigateToDesktopsPageSuccessfully" time="0.929" classname="com.nopcommerce.testsuite.ComputerPageTest" />
      
</testsuite>
